<?xml version="1.0" encoding="UTF-8"?>
<!-- Generated by org.testng.reporters.JUnitReportReporter -->
<testsuite skipped="0" hostname="BOS-LAP-MDRASUL" name="com.americanwell.autotest_web.caretalks.navigationTests.ConsumerNavigationTest" tests="13" failures="0" timestamp="06 Jul 2020 02:46:46 GMT" time="22.321" errors="0">
  <testcase name="navigateAddServiceKeyTabTest" time="2.460" classname="com.americanwell.autotest_web.caretalks.navigationTests.ConsumerNavigationTest"/>
  <testcase name="navigateMyRecordsTabTest" time="0.980" classname="com.americanwell.autotest_web.caretalks.navigationTests.ConsumerNavigationTest"/>
  <testcase name="navigateMyProvidersTreatingProvidersTest" time="3.443" classname="com.americanwell.autotest_web.caretalks.navigationTests.ConsumerNavigationTest"/>
  <testcase name="navigateMessageCenterIconTest" time="1.822" classname="com.americanwell.autotest_web.caretalks.navigationTests.ConsumerNavigationTest"/>
  <testcase name="navigateMyProvidersRecentProvidersTest" time="1.521" classname="com.americanwell.autotest_web.caretalks.navigationTests.ConsumerNavigationTest"/>
  <testcase name="navigateMyRecordsPreviousVisitsTest" time="1.489" classname="com.americanwell.autotest_web.caretalks.navigationTests.ConsumerNavigationTest"/>
  <testcase name="navigateMyAccountTest" time="1.924" classname="com.americanwell.autotest_web.caretalks.navigationTests.ConsumerNavigationTest"/>
  <testcase name="navigateHomeTabTest" time="1.172" classname="com.americanwell.autotest_web.caretalks.navigationTests.ConsumerNavigationTest"/>
  <testcase name="navigateMyProvidersTest" time="0.648" classname="com.americanwell.autotest_web.caretalks.navigationTests.ConsumerNavigationTest"/>
  <testcase name="navigateSearchIconTest" time="0.192" classname="com.americanwell.autotest_web.caretalks.navigationTests.ConsumerNavigationTest"/>
  <testcase name="navigateMyRecordsToDosTest" time="1.180" classname="com.americanwell.autotest_web.caretalks.navigationTests.ConsumerNavigationTest"/>
  <testcase name="navigateMyRecordsHealthRecordTest" time="2.934" classname="com.americanwell.autotest_web.caretalks.navigationTests.ConsumerNavigationTest"/>
  <testcase name="navigateUpcomingAppointmentsIconTest" time="2.556" classname="com.americanwell.autotest_web.caretalks.navigationTests.ConsumerNavigationTest"/>
</testsuite> <!-- com.americanwell.autotest_web.caretalks.navigationTests.ConsumerNavigationTest -->
